env: load .env
env: export EXPO_PUBLIC_PAYSTACK_PLAN_PLUS EXPO_PUBLIC_PAYSTACK_PLAN_PRO EXPO_PUBLIC_PAYSTACK_PLAN_STUDENT EXPO_PUBLIC_SUPABASE_ANON_KEY EXPO_PUBLIC_SUPABASE_URL
Running 17 checks on your project...
12/17 checks passed. 5 checks failed. Possible issues detected:
Use the --verbose flag to see more details about passed checks.

Γ£û Check Expo config (app.json/ app.config.js) schema
Error validating asset fields in C:\Projects\Quantmind Application\QuantMind\apps\mobile\app.json:
 Field: icon - image should be square, but the file at './assets/icon.png' has dimensions 1536x1024.
 Field: Android.adaptiveIcon.foregroundImage - image should be square, but the file at './assets/adaptive-icon.png' has dimensions 1536x1024.
Advice:
Resolve schema errors in your app config. Learn more: https://docs.expo.dev/workflow/configuration/

Γ£û Check for issues with Metro config
- "watchFolders" does not contain all entries from Expo's defaults
- "resolver.disableHierarchicalLookup" mismatch. Expected false, got: true
Advice:
Modifying the "metro.config.js" is dangerous and may lead to unintended consequences.
Unless you know what these overrides do, remove them and adopt the recommended values from "expo/metro-config".

Γ£û Check that required peer dependencies are installed
Missing peer dependency: expo-constants
Required by: expo-router
Missing peer dependency: react-native-worklets
Required by: react-native-reanimated
Missing peer dependency: react-dom
Required by: react-native-web
Advice:
Install missing required peer dependencies with "npx expo install expo-constants react-native-worklets react-dom"
Your app may crash outside of Expo Go without these dependencies. Native module peer dependencies must be installed directly.

Γ£û Check that no duplicate dependencies are installed
Your project contains duplicate native module dependencies, which should be de-duplicated.
Native builds may only contain one version of any given native module, and having multiple versions of a single Native module installed may lead to unexpected build errors.
Found duplicates for expo:
  Γö£ΓöÇ expo@54.0.33 (at: node_modules\expo)
  ΓööΓöÇ expo@55.0.8 (at: ..\..\node_modules\expo)
Found duplicates for expo-font:
  Γö£ΓöÇ expo-font@55.0.4 (at: node_modules\expo-font)
  Γö£ΓöÇ expo-font@55.0.4 (at: ..\..\node_modules\expo\node_modules\expo-font)
  ΓööΓöÇ expo-font@14.0.11 (at: node_modules\expo\node_modules\expo-font)
Found duplicates for react:
  Γö£ΓöÇ react@19.1.0 (at: node_modules\react)
  ΓööΓöÇ react@18.3.1 (at: ..\..\node_modules\react)
Found duplicates for react-native:
  Γö£ΓöÇ react-native@0.81.5 (at: node_modules\react-native)
  ΓööΓöÇ react-native@0.76.5 (at: ..\..\node_modules\react-native)
Found duplicates for @expo/fingerprint:
  Γö£ΓöÇ @expo/fingerprint@0.15.4 (at: node_modules\@expo\fingerprint)
  ΓööΓöÇ @expo/fingerprint@0.16.6 (at: ..\..\node_modules\@expo\fingerprint)
Found duplicates for expo-asset:
  Γö£ΓöÇ expo-asset@12.0.12 (at: node_modules\expo-asset)
  ΓööΓöÇ expo-asset@55.0.10 (at: ..\..\node_modules\expo-asset)
Found duplicates for expo-constants:
  Γö£ΓöÇ expo-constants@55.0.9 (at: ..\..\node_modules\expo-constants)
  Γö£ΓöÇ expo-constants@18.0.13 (at: node_modules\expo\node_modules\expo-constants)
  Γö£ΓöÇ expo-constants@18.0.13 (at: node_modules\expo-asset\node_modules\expo-constants)
  ΓööΓöÇ expo-constants@55.0.9 (at: ..\..\node_modules\expo-constants)
Found duplicates for expo-file-system:
  Γö£ΓöÇ expo-file-system@19.0.21 (at: node_modules\expo-file-system)
  ΓööΓöÇ expo-file-system@55.0.11 (at: ..\..\node_modules\expo-file-system)
Found duplicates for expo-keep-awake:
  Γö£ΓöÇ expo-keep-awake@15.0.8 (at: node_modules\expo-keep-awake)
  ΓööΓöÇ expo-keep-awake@55.0.4 (at: ..\..\node_modules\expo-keep-awake)
Found duplicates for expo-modules-core:
  Γö£ΓöÇ expo-modules-core@3.0.29 (at: node_modules\expo-modules-core)
  ΓööΓöÇ expo-modules-core@55.0.17 (at: ..\..\node_modules\expo-modules-core)
Advice:
Resolve your dependency issues and deduplicate your dependencies. Learn more: https://expo.fyi/resolving-dependency-issues

Γ£û Check that packages match versions required by installed Expo SDK

Γ¥ù Major version mismatches
package                       expected  found    
expo-auth-session             ~7.0.10   55.0.9   
expo-crypto                   ~15.0.8   55.0.10  
expo-device                   ~8.0.10   55.0.10  
expo-font                     ~14.0.11  55.0.4   
expo-linking                  ~8.0.11   55.0.8   
expo-notifications            ~0.32.16  55.0.13  
expo-secure-store             ~15.0.8   55.0.9   
expo-splash-screen            ~31.0.13  55.0.12  
expo-status-bar               ~3.0.9    55.0.4   
expo-updates                  ~29.0.16  55.0.15  
eslint-config-expo            ~10.0.0   55.0.0   

ΓÜá∩╕Å Minor version mismatches
package                       expected  found    
@shopify/react-native-skia    2.2.12    2.4.18   
react-native-gesture-handler  ~2.28.0   2.30.0   
react-native-reanimated       ~4.1.1    4.2.1    
react-native-screens          ~4.16.0   4.23.0   
react-native-svg              15.12.1   15.15.3  

Changelogs:
- expo-auth-session ΓåÆ https://github.com/expo/expo/blob/sdk-54/packages/expo-auth-session/CHANGELOG.md
- expo-crypto ΓåÆ https://github.com/expo/expo/blob/sdk-54/packages/expo-crypto/CHANGELOG.md
- expo-device ΓåÆ https://github.com/expo/expo/blob/sdk-54/packages/expo-device/CHANGELOG.md
- expo-font ΓåÆ https://github.com/expo/expo/blob/sdk-54/packages/expo-font/CHANGELOG.md
- expo-linking ΓåÆ https://github.com/expo/expo/blob/sdk-54/packages/expo-linking/CHANGELOG.md
- expo-notifications ΓåÆ https://github.com/expo/expo/blob/sdk-54/packages/expo-notifications/CHANGELOG.md
node.exe : 5 checks failed, indicating possible 
issues with the project.
At C:\Program Files\nodejs\npx.ps1:29 char:3
+   & $NODE_EXE $NPX_CLI_JS $args
+   ~~~~~~~~~~~~~~~~~~~~~~~~~~~~~
    + CategoryInfo          : NotSpecified: (5  
   checks failed...th the project.:String) [],  
   RemoteException
    + FullyQualifiedErrorId : NativeCommandErro 
   r
 
- expo-secure-store ΓåÆ https://github.com/expo/expo/blob/sdk-54/packages/expo-secure-store/CHANGELOG.md
- expo-splash-screen ΓåÆ https://github.com/expo/expo/blob/sdk-54/packages/expo-splash-screen/CHANGELOG.md
- expo-status-bar ΓåÆ https://github.com/expo/expo/blob/sdk-54/packages/expo-status-bar/CHANGELOG.md
- expo-updates ΓåÆ https://github.com/expo/expo/blob/sdk-54/packages/expo-updates/CHANGELOG.md

16 packages out of date.
Advice:
Use 'npx expo install --check' to review and upgrade your dependencies.
To ignore specific packages, add them to "expo.install.exclude" in package.json. Learn more: https://expo.fyi/dependency-validation

